<?xml version="1.0" encoding="UTF-8"?>
<testsuites name="Mocha Tests" time="137.9670" tests="12" failures="8">
  <testsuite name="Root Suite" timestamp="2022-02-04T11:17:18" tests="0" file="cypress/integration/formlabs/search/search_on_site_desktop.js" time="0.0000" failures="0">
  </testsuite>
  <testsuite name="Search on US, UK, EU, DE, ES, FR &amp; IT: Desktop" timestamp="2022-02-04T11:17:18" tests="12" time="137.9670" failures="8">
    <testcase name="Search on US, UK, EU, DE, ES, FR &amp; IT: Desktop TC4.1 : (Country Code: ): Tests visibility of different elements on the search panel" time="6.8080" classname="TC4.1 : (Country Code: ): Tests visibility of different elements on the search panel">
    </testcase>
    <testcase name="Search on US, UK, EU, DE, ES, FR &amp; IT: Desktop TC4.2 : (Country Code: ): Test popular searches populate search input field" time="13.4220" classname="TC4.2 : (Country Code: ): Test popular searches populate search input field">
      <failure message="Timed out retrying after 4000ms: Expected to find element: `h5[class^=&quot;Header_headertext&quot;]`, but never found it. Queried from element: &lt;div.SearchBox_page-results___UuuZ&gt;" type="AssertionError"><![CDATA[AssertionError: Timed out retrying after 4000ms: Expected to find element: `h5[class^="Header_headertext"]`, but never found it. Queried from element: <div.SearchBox_page-results___UuuZ>
    at Context.eval (https://formlabs.com/__cypress/tests?p=cypress/support/index.js:195:73)]]></failure>
    </testcase>
    <testcase name="Search on US, UK, EU, DE, ES, FR &amp; IT: Desktop TC4.3 : (Country Code: ): Test search closes when navigating to a result" time="5.8350" classname="TC4.3 : (Country Code: ): Test search closes when navigating to a result">
    </testcase>
    <testcase name="Search on US, UK, EU, DE, ES, FR &amp; IT: Desktop TC4.4 : (Country Code: ): Test search results for &quot;Form 3&quot; query" time="13.5660" classname="TC4.4 : (Country Code: ): Test search results for &quot;Form 3&quot; query">
      <failure message="Timed out retrying after 4000ms: Expected to find element: `h5[class^=&quot;Header_headertext&quot;]`, but never found it. Queried from element: &lt;div.SearchBox_page-results___UuuZ&gt;" type="AssertionError"><![CDATA[AssertionError: Timed out retrying after 4000ms: Expected to find element: `h5[class^="Header_headertext"]`, but never found it. Queried from element: <div.SearchBox_page-results___UuuZ>
    at Context.eval (https://formlabs.com/__cypress/tests?p=cypress/support/index.js:195:73)]]></failure>
    </testcase>
    <testcase name="Search on US, UK, EU, DE, ES, FR &amp; IT: Desktop TC4.5 : (Country Code: ): Test results for SKU number query" time="23.0080" classname="TC4.5 : (Country Code: ): Test results for SKU number query">
      <failure message="Timed out retrying after 4000ms: Expected to find element: `h5[class^=&quot;Header_headertext&quot;]`, but never found it. Queried from element: &lt;div.SearchBox_page-results___UuuZ&gt;" type="AssertionError"><![CDATA[AssertionError: Timed out retrying after 4000ms: Expected to find element: `h5[class^="Header_headertext"]`, but never found it. Queried from element: <div.SearchBox_page-results___UuuZ>
    at Context.eval (https://formlabs.com/__cypress/tests?p=cypress/support/index.js:195:73)]]></failure>
    </testcase>
    <testcase name="Search on US, UK, EU, DE, ES, FR &amp; IT: Desktop TC4.6 : (Country Code: ): Test results for Gibberish query" time="17.2500" classname="TC4.6 : (Country Code: ): Test results for Gibberish query">
      <failure message="Timed out retrying after 4000ms: Expected to find element: `p &gt; button[class^=&quot;SearchBox_animated&quot;]`, but never found it." type="AssertionError"><![CDATA[AssertionError: Timed out retrying after 4000ms: Expected to find element: `p > button[class^="SearchBox_animated"]`, but never found it.
    at Context.eval (https://formlabs.com/__cypress/tests?p=cypress/integration/formlabs/search/search_on_site_desktop.js:214:57)]]></failure>
    </testcase>
    <testcase name="Search on US, UK, EU, DE, ES, FR &amp; IT: Desktop TC4.1 : (Country Code: uk): Tests visibility of different elements on the search panel" time="4.9450" classname="TC4.1 : (Country Code: uk): Tests visibility of different elements on the search panel">
    </testcase>
    <testcase name="Search on US, UK, EU, DE, ES, FR &amp; IT: Desktop TC4.2 : (Country Code: uk): Test popular searches populate search input field" time="11.5230" classname="TC4.2 : (Country Code: uk): Test popular searches populate search input field">
      <failure message="Timed out retrying after 4000ms: Expected to find element: `h5[class^=&quot;Header_headertext&quot;]`, but never found it. Queried from element: &lt;div.SearchBox_page-results___UuuZ&gt;" type="AssertionError"><![CDATA[AssertionError: Timed out retrying after 4000ms: Expected to find element: `h5[class^="Header_headertext"]`, but never found it. Queried from element: <div.SearchBox_page-results___UuuZ>
    at Context.eval (https://formlabs.com/__cypress/tests?p=cypress/support/index.js:195:73)]]></failure>
    </testcase>
    <testcase name="Search on US, UK, EU, DE, ES, FR &amp; IT: Desktop TC4.3 : (Country Code: uk): Test search closes when navigating to a result" time="5.5510" classname="TC4.3 : (Country Code: uk): Test search closes when navigating to a result">
    </testcase>
    <testcase name="Search on US, UK, EU, DE, ES, FR &amp; IT: Desktop TC4.4 : (Country Code: uk): Test search results for &quot;Form 3&quot; query" time="11.5460" classname="TC4.4 : (Country Code: uk): Test search results for &quot;Form 3&quot; query">
      <failure message="Timed out retrying after 4000ms: Expected to find element: `h5[class^=&quot;Header_headertext&quot;]`, but never found it. Queried from element: &lt;div.SearchBox_page-results___UuuZ&gt;" type="AssertionError"><![CDATA[AssertionError: Timed out retrying after 4000ms: Expected to find element: `h5[class^="Header_headertext"]`, but never found it. Queried from element: <div.SearchBox_page-results___UuuZ>
    at Context.eval (https://formlabs.com/__cypress/tests?p=cypress/support/index.js:195:73)]]></failure>
    </testcase>
    <testcase name="Search on US, UK, EU, DE, ES, FR &amp; IT: Desktop TC4.5 : (Country Code: uk): Test results for SKU number query" time="12.1700" classname="TC4.5 : (Country Code: uk): Test results for SKU number query">
      <failure message="Timed out retrying after 4000ms: Expected to find element: `h5[class^=&quot;Header_headertext&quot;]`, but never found it. Queried from element: &lt;div.SearchBox_page-results___UuuZ&gt;" type="AssertionError"><![CDATA[AssertionError: Timed out retrying after 4000ms: Expected to find element: `h5[class^="Header_headertext"]`, but never found it. Queried from element: <div.SearchBox_page-results___UuuZ>
    at Context.eval (https://formlabs.com/__cypress/tests?p=cypress/support/index.js:195:73)]]></failure>
    </testcase>
    <testcase name="Search on US, UK, EU, DE, ES, FR &amp; IT: Desktop TC4.6 : (Country Code: uk): Test results for Gibberish query" time="12.3430" classname="TC4.6 : (Country Code: uk): Test results for Gibberish query">
      <failure message="Timed out retrying after 4000ms: Expected to find element: `p &gt; button[class^=&quot;SearchBox_animated&quot;]`, but never found it." type="AssertionError"><![CDATA[AssertionError: Timed out retrying after 4000ms: Expected to find element: `p > button[class^="SearchBox_animated"]`, but never found it.
    at Context.eval (https://formlabs.com/__cypress/tests?p=cypress/integration/formlabs/search/search_on_site_desktop.js:214:57)]]></failure>
    </testcase>
  </testsuite>
</testsuites>