<?xml version="1.0" encoding="UTF-8"?>
<testsuites name="Mocha Tests" time="14.5740" tests="1" failures="1">
  <testsuite name="Root Suite" timestamp="2022-02-04T10:30:31" tests="0" file="cypress/integration/formlabs/roi_calculator/roi_calculator_desktop_spec.js" time="0.0000" failures="0">
  </testsuite>
  <testsuite name="ROI Calculator: Desktop" timestamp="2022-02-04T10:30:31" tests="1" time="14.5740" failures="1">
    <testcase name="ROI Calculator: Desktop TC6.1 Test one path and final report" time="14.5740" classname="TC6.1 Test one path and final report">
      <failure message="Timed out retrying after 4000ms: Expected to find element: `svg#costOverTime`, but never found it." type="AssertionError"><![CDATA[AssertionError: Timed out retrying after 4000ms: Expected to find element: `svg#costOverTime`, but never found it.
    at Context.eval (https://formlabs.com/__cypress/tests?p=cypress/integration/formlabs/roi_calculator/roi_calculator_desktop_spec.js:140:32)]]></failure>
    </testcase>
  </testsuite>
</testsuites>